c[?7l[2J[0mSeaBIOS (version rel-1.16.0-0-gd239552ce722-prebuilt.qemu.org)


iPXE (http://ipxe.org) 00:03.0 CA00 PCI2.10 PnP PMM+07F91260+07EF1260 CA00
Press Ctrl-B to configure iPXE (PCI 00:03.0)...                                                                               


Booting from Hard Disk..(THU.CST) os is loading ...

Special kernel symbols:
  entry  0x00100000 (phys)
  etext  0x00103598 (phys)
  edata  0x0010ea16 (phys)
  end    0x0010fd80 (phys)
Kernel executable memory footprint: 64KB
ebp:0x00007b28 eip:0x00100a72 args:0x00010094 0x00010094 0x00007b58 0x00100097 
    kern/debug/kdebug.c:305: print_stackframe+21
ebp:0x00007b38 eip:0x00100d61 args:0x00000000 0x00000000 0x00000000 0x00007ba8 
    kern/debug/kmonitor.c:125: mon_backtrace+10
ebp:0x00007b58 eip:0x00100097 args:0x00000000 0x00007b80 0xffff0000 0x00007b84 
    kern/init/init.c:48: grade_backtrace2+33
ebp:0x00007b78 eip:0x001000c0 args:0x00000000 0xffff0000 0x00007ba4 0x00000029 
    kern/init/init.c:53: grade_backtrace1+38
ebp:0x00007b98 eip:0x001000de args:0x00000000 0x00100000 0xffff0000 0x0000001d 
    kern/init/init.c:58: grade_backtrace0+23
ebp:0x00007bb8 eip:0x00100103 args:0x001035bc 0x001035a0 0x0000136a 0x00000000 
    kern/init/init.c:63: grade_backtrace+34
ebp:0x00007be8 eip:0x00100055 args:0x00000000 0x00000000 0x00000000 0x00007c4f 
    kern/init/init.c:28: kern_init+84
ebp:0x00007bf8 eip:0x00007d64 args:0xc031fcfa 0xc08ed88e 0x64e4d08e 0xfa7502a8 
    <unknow>: -- 0x00007d63 --
++ setup timer interrupts
0: @ring 0
0:  cs = 8
0:  ds = 10
0:  es = 10
0:  ss = 10
+++ switch to  user  mode +++
1: @ring 3
1:  cs = 1b
1:  ds = 23
1:  es = 23
1:  ss = 23
+++ switch to kernel mode +++
2: @ring 0
2:  cs = 8
2:  ds = 10
2:  es = 10
2:  ss = 10
100 ticks
End of Test.
kernel panic at kern/trap/trap.c:18:
    EOT: kernel seems ok.
Welcome to the kernel debug monitor!!
Type 'help' for a list of commands.
K> 